Performing C SOURCE FILE Test CMAKE_HAVE_LIBC_PTHREAD failed with the following output:
Change Dir: /home/altex/onnx-tutorials/CppInference/build-YOLOv5-complete-Desktop-Default/CMakeFiles/CMakeTmp

Run Build Command(s):/usr/bin/make -f Makefile cmTC_63d95/fast && /usr/bin/make  -f CMakeFiles/cmTC_63d95.dir/build.make CMakeFiles/cmTC_63d95.dir/build
make[1]: Entering directory '/home/altex/onnx-tutorials/CppInference/build-YOLOv5-complete-Desktop-Default/CMakeFiles/CMakeTmp'
Building C object CMakeFiles/cmTC_63d95.dir/src.c.o
/usr/bin/gcc -DCMAKE_HAVE_LIBC_PTHREAD  -fPIC  -o CMakeFiles/cmTC_63d95.dir/src.c.o -c /home/altex/onnx-tutorials/CppInference/build-YOLOv5-complete-Desktop-Default/CMakeFiles/CMakeTmp/src.c
Linking C executable cmTC_63d95
/snap/cmake/876/bin/cmake -E cmake_link_script CMakeFiles/cmTC_63d95.dir/link.txt --verbose=1
/usr/bin/gcc -fPIC  -rdynamic CMakeFiles/cmTC_63d95.dir/src.c.o -o cmTC_63d95 
CMakeFiles/cmTC_63d95.dir/src.c.o: In function `main':
src.c:(.text+0x3e): undefined reference to `pthread_create'
src.c:(.text+0x4a): undefined reference to `pthread_detach'
src.c:(.text+0x56): undefined reference to `pthread_cancel'
src.c:(.text+0x67): undefined reference to `pthread_join'
src.c:(.text+0x7b): undefined reference to `pthread_atfork'
collect2: error: ld returned 1 exit status
CMakeFiles/cmTC_63d95.dir/build.make:98: recipe for target 'cmTC_63d95' failed
make[1]: *** [cmTC_63d95] Error 1
make[1]: Leaving directory '/home/altex/onnx-tutorials/CppInference/build-YOLOv5-complete-Desktop-Default/CMakeFiles/CMakeTmp'
Makefile:127: recipe for target 'cmTC_63d95/fast' failed
make: *** [cmTC_63d95/fast] Error 2


Source file was:
#include <pthread.h>

static void* test_func(void* data)
{
  return data;
}

int main(void)
{
  pthread_t thread;
  pthread_create(&thread, NULL, test_func, NULL);
  pthread_detach(thread);
  pthread_cancel(thread);
  pthread_join(thread, NULL);
  pthread_atfork(NULL, NULL, NULL);
  pthread_exit(NULL);

  return 0;
}

Determining if the function pthread_create exists in the pthreads failed with the following output:
Change Dir: /home/altex/onnx-tutorials/CppInference/build-YOLOv5-complete-Desktop-Default/CMakeFiles/CMakeTmp

Run Build Command(s):/usr/bin/make -f Makefile cmTC_80781/fast && /usr/bin/make  -f CMakeFiles/cmTC_80781.dir/build.make CMakeFiles/cmTC_80781.dir/build
make[1]: Entering directory '/home/altex/onnx-tutorials/CppInference/build-YOLOv5-complete-Desktop-Default/CMakeFiles/CMakeTmp'
Building C object CMakeFiles/cmTC_80781.dir/CheckFunctionExists.c.o
/usr/bin/gcc   -fPIC -DCHECK_FUNCTION_EXISTS=pthread_create -o CMakeFiles/cmTC_80781.dir/CheckFunctionExists.c.o -c /snap/cmake/876/share/cmake-3.20/Modules/CheckFunctionExists.c
Linking C executable cmTC_80781
/snap/cmake/876/bin/cmake -E cmake_link_script CMakeFiles/cmTC_80781.dir/link.txt --verbose=1
/usr/bin/gcc -fPIC -DCHECK_FUNCTION_EXISTS=pthread_create -rdynamic CMakeFiles/cmTC_80781.dir/CheckFunctionExists.c.o -o cmTC_80781  -lpthreads 
/usr/bin/ld: cannot find -lpthreads
collect2: error: ld returned 1 exit status
CMakeFiles/cmTC_80781.dir/build.make:98: recipe for target 'cmTC_80781' failed
make[1]: *** [cmTC_80781] Error 1
make[1]: Leaving directory '/home/altex/onnx-tutorials/CppInference/build-YOLOv5-complete-Desktop-Default/CMakeFiles/CMakeTmp'
Makefile:127: recipe for target 'cmTC_80781/fast' failed
make: *** [cmTC_80781/fast] Error 2



Performing C SOURCE FILE Test CMAKE_HAVE_LIBC_PTHREAD failed with the following output:
Change Dir: /home/altex/onnx-tutorials/CppInference/build-YOLOv5-complete-Desktop-Default/CMakeFiles/CMakeTmp

Run Build Command(s):/usr/bin/make -f Makefile cmTC_a6aba/fast && /usr/bin/make  -f CMakeFiles/cmTC_a6aba.dir/build.make CMakeFiles/cmTC_a6aba.dir/build
make[1]: Entering directory '/home/altex/onnx-tutorials/CppInference/build-YOLOv5-complete-Desktop-Default/CMakeFiles/CMakeTmp'
Building C object CMakeFiles/cmTC_a6aba.dir/src.c.o
/usr/bin/cc -DCMAKE_HAVE_LIBC_PTHREAD  -fPIC  -o CMakeFiles/cmTC_a6aba.dir/src.c.o -c /home/altex/onnx-tutorials/CppInference/build-YOLOv5-complete-Desktop-Default/CMakeFiles/CMakeTmp/src.c
Linking C executable cmTC_a6aba
/snap/cmake/936/bin/cmake -E cmake_link_script CMakeFiles/cmTC_a6aba.dir/link.txt --verbose=1
/usr/bin/cc -fPIC  -rdynamic CMakeFiles/cmTC_a6aba.dir/src.c.o -o cmTC_a6aba 
CMakeFiles/cmTC_a6aba.dir/src.c.o: In function `main':
src.c:(.text+0x3e): undefined reference to `pthread_create'
src.c:(.text+0x4a): undefined reference to `pthread_detach'
src.c:(.text+0x56): undefined reference to `pthread_cancel'
src.c:(.text+0x67): undefined reference to `pthread_join'
src.c:(.text+0x7b): undefined reference to `pthread_atfork'
collect2: error: ld returned 1 exit status
CMakeFiles/cmTC_a6aba.dir/build.make:98: recipe for target 'cmTC_a6aba' failed
make[1]: *** [cmTC_a6aba] Error 1
make[1]: Leaving directory '/home/altex/onnx-tutorials/CppInference/build-YOLOv5-complete-Desktop-Default/CMakeFiles/CMakeTmp'
Makefile:127: recipe for target 'cmTC_a6aba/fast' failed
make: *** [cmTC_a6aba/fast] Error 2


Source file was:
#include <pthread.h>

static void* test_func(void* data)
{
  return data;
}

int main(void)
{
  pthread_t thread;
  pthread_create(&thread, NULL, test_func, NULL);
  pthread_detach(thread);
  pthread_cancel(thread);
  pthread_join(thread, NULL);
  pthread_atfork(NULL, NULL, NULL);
  pthread_exit(NULL);

  return 0;
}

Determining if the function pthread_create exists in the pthreads failed with the following output:
Change Dir: /home/altex/onnx-tutorials/CppInference/build-YOLOv5-complete-Desktop-Default/CMakeFiles/CMakeTmp

Run Build Command(s):/usr/bin/make -f Makefile cmTC_be427/fast && /usr/bin/make  -f CMakeFiles/cmTC_be427.dir/build.make CMakeFiles/cmTC_be427.dir/build
make[1]: Entering directory '/home/altex/onnx-tutorials/CppInference/build-YOLOv5-complete-Desktop-Default/CMakeFiles/CMakeTmp'
Building C object CMakeFiles/cmTC_be427.dir/CheckFunctionExists.c.o
/usr/bin/cc   -fPIC -DCHECK_FUNCTION_EXISTS=pthread_create -o CMakeFiles/cmTC_be427.dir/CheckFunctionExists.c.o -c /snap/cmake/936/share/cmake-3.21/Modules/CheckFunctionExists.c
Linking C executable cmTC_be427
/snap/cmake/936/bin/cmake -E cmake_link_script CMakeFiles/cmTC_be427.dir/link.txt --verbose=1
/usr/bin/cc -fPIC -DCHECK_FUNCTION_EXISTS=pthread_create -rdynamic CMakeFiles/cmTC_be427.dir/CheckFunctionExists.c.o -o cmTC_be427  -lpthreads 
/usr/bin/ld: cannot find -lpthreads
collect2: error: ld returned 1 exit status
CMakeFiles/cmTC_be427.dir/build.make:98: recipe for target 'cmTC_be427' failed
make[1]: *** [cmTC_be427] Error 1
make[1]: Leaving directory '/home/altex/onnx-tutorials/CppInference/build-YOLOv5-complete-Desktop-Default/CMakeFiles/CMakeTmp'
Makefile:127: recipe for target 'cmTC_be427/fast' failed
make: *** [cmTC_be427/fast] Error 2



