Determining if the pthread_create exist failed with the following output:
Change Dir: /home/altex/onnx-tutorials/CppInference/build-tensorflow-detector-Desktop-Default/CMakeFiles/CMakeTmp

Run Build Command:"/usr/bin/make" "cmTC_301fa/fast"
/usr/bin/make -f CMakeFiles/cmTC_301fa.dir/build.make CMakeFiles/cmTC_301fa.dir/build
make[1]: Entering directory '/home/altex/onnx-tutorials/CppInference/build-tensorflow-detector-Desktop-Default/CMakeFiles/CMakeTmp'
Building C object CMakeFiles/cmTC_301fa.dir/CheckSymbolExists.c.o
/usr/bin/gcc   -fPIC    -o CMakeFiles/cmTC_301fa.dir/CheckSymbolExists.c.o   -c /home/altex/onnx-tutorials/CppInference/build-tensorflow-detector-Desktop-Default/CMakeFiles/CMakeTmp/CheckSymbolExists.c
Linking C executable cmTC_301fa
/usr/bin/cmake -E cmake_link_script CMakeFiles/cmTC_301fa.dir/link.txt --verbose=1
/usr/bin/gcc -fPIC     -rdynamic CMakeFiles/cmTC_301fa.dir/CheckSymbolExists.c.o  -o cmTC_301fa 
CMakeFiles/cmTC_301fa.dir/CheckSymbolExists.c.o: In function `main':
CheckSymbolExists.c:(.text+0x1b): undefined reference to `pthread_create'
collect2: error: ld returned 1 exit status
CMakeFiles/cmTC_301fa.dir/build.make:97: recipe for target 'cmTC_301fa' failed
make[1]: *** [cmTC_301fa] Error 1
make[1]: Leaving directory '/home/altex/onnx-tutorials/CppInference/build-tensorflow-detector-Desktop-Default/CMakeFiles/CMakeTmp'
Makefile:126: recipe for target 'cmTC_301fa/fast' failed
make: *** [cmTC_301fa/fast] Error 2

File /home/altex/onnx-tutorials/CppInference/build-tensorflow-detector-Desktop-Default/CMakeFiles/CMakeTmp/CheckSymbolExists.c:
/* */
#include <pthread.h>

int main(int argc, char** argv)
{
  (void)argv;
#ifndef pthread_create
  return ((int*)(&pthread_create))[argc];
#else
  (void)argc;
  return 0;
#endif
}

Determining if the function pthread_create exists in the pthreads failed with the following output:
Change Dir: /home/altex/onnx-tutorials/CppInference/build-tensorflow-detector-Desktop-Default/CMakeFiles/CMakeTmp

Run Build Command:"/usr/bin/make" "cmTC_a6e3d/fast"
/usr/bin/make -f CMakeFiles/cmTC_a6e3d.dir/build.make CMakeFiles/cmTC_a6e3d.dir/build
make[1]: Entering directory '/home/altex/onnx-tutorials/CppInference/build-tensorflow-detector-Desktop-Default/CMakeFiles/CMakeTmp'
Building C object CMakeFiles/cmTC_a6e3d.dir/CheckFunctionExists.c.o
/usr/bin/gcc   -fPIC -DCHECK_FUNCTION_EXISTS=pthread_create   -o CMakeFiles/cmTC_a6e3d.dir/CheckFunctionExists.c.o   -c /usr/share/cmake-3.10/Modules/CheckFunctionExists.c
Linking C executable cmTC_a6e3d
/usr/bin/cmake -E cmake_link_script CMakeFiles/cmTC_a6e3d.dir/link.txt --verbose=1
/usr/bin/gcc -fPIC -DCHECK_FUNCTION_EXISTS=pthread_create    -rdynamic CMakeFiles/cmTC_a6e3d.dir/CheckFunctionExists.c.o  -o cmTC_a6e3d -lpthreads 
/usr/bin/ld: cannot find -lpthreads
collect2: error: ld returned 1 exit status
CMakeFiles/cmTC_a6e3d.dir/build.make:97: recipe for target 'cmTC_a6e3d' failed
make[1]: *** [cmTC_a6e3d] Error 1
make[1]: Leaving directory '/home/altex/onnx-tutorials/CppInference/build-tensorflow-detector-Desktop-Default/CMakeFiles/CMakeTmp'
Makefile:126: recipe for target 'cmTC_a6e3d/fast' failed
make: *** [cmTC_a6e3d/fast] Error 2


