Determining if the pthread_create exist failed with the following output:
Change Dir: /home/altex/onnx-tutorials/CppInference/build-classifier-Desktop-Default/CMakeFiles/CMakeTmp

Run Build Command:"/usr/bin/make" "cmTC_671e3/fast"
/usr/bin/make -f CMakeFiles/cmTC_671e3.dir/build.make CMakeFiles/cmTC_671e3.dir/build
make[1]: Entering directory '/home/altex/onnx-tutorials/CppInference/build-classifier-Desktop-Default/CMakeFiles/CMakeTmp'
Building C object CMakeFiles/cmTC_671e3.dir/CheckSymbolExists.c.o
/usr/bin/gcc   -fPIC    -o CMakeFiles/cmTC_671e3.dir/CheckSymbolExists.c.o   -c /home/altex/onnx-tutorials/CppInference/build-classifier-Desktop-Default/CMakeFiles/CMakeTmp/CheckSymbolExists.c
Linking C executable cmTC_671e3
/usr/bin/cmake -E cmake_link_script CMakeFiles/cmTC_671e3.dir/link.txt --verbose=1
/usr/bin/gcc -fPIC     -rdynamic CMakeFiles/cmTC_671e3.dir/CheckSymbolExists.c.o  -o cmTC_671e3 
CMakeFiles/cmTC_671e3.dir/CheckSymbolExists.c.o: In function `main':
CheckSymbolExists.c:(.text+0x1b): undefined reference to `pthread_create'
collect2: error: ld returned 1 exit status
CMakeFiles/cmTC_671e3.dir/build.make:97: recipe for target 'cmTC_671e3' failed
make[1]: *** [cmTC_671e3] Error 1
make[1]: Leaving directory '/home/altex/onnx-tutorials/CppInference/build-classifier-Desktop-Default/CMakeFiles/CMakeTmp'
Makefile:126: recipe for target 'cmTC_671e3/fast' failed
make: *** [cmTC_671e3/fast] Error 2

File /home/altex/onnx-tutorials/CppInference/build-classifier-Desktop-Default/CMakeFiles/CMakeTmp/CheckSymbolExists.c:
/* */
#include <pthread.h>

int main(int argc, char** argv)
{
  (void)argv;
#ifndef pthread_create
  return ((int*)(&pthread_create))[argc];
#else
  (void)argc;
  return 0;
#endif
}

Determining if the function pthread_create exists in the pthreads failed with the following output:
Change Dir: /home/altex/onnx-tutorials/CppInference/build-classifier-Desktop-Default/CMakeFiles/CMakeTmp

Run Build Command:"/usr/bin/make" "cmTC_2893d/fast"
/usr/bin/make -f CMakeFiles/cmTC_2893d.dir/build.make CMakeFiles/cmTC_2893d.dir/build
make[1]: Entering directory '/home/altex/onnx-tutorials/CppInference/build-classifier-Desktop-Default/CMakeFiles/CMakeTmp'
Building C object CMakeFiles/cmTC_2893d.dir/CheckFunctionExists.c.o
/usr/bin/gcc   -fPIC -DCHECK_FUNCTION_EXISTS=pthread_create   -o CMakeFiles/cmTC_2893d.dir/CheckFunctionExists.c.o   -c /usr/share/cmake-3.10/Modules/CheckFunctionExists.c
Linking C executable cmTC_2893d
/usr/bin/cmake -E cmake_link_script CMakeFiles/cmTC_2893d.dir/link.txt --verbose=1
/usr/bin/gcc -fPIC -DCHECK_FUNCTION_EXISTS=pthread_create    -rdynamic CMakeFiles/cmTC_2893d.dir/CheckFunctionExists.c.o  -o cmTC_2893d -lpthreads 
/usr/bin/ld: cannot find -lpthreads
collect2: error: ld returned 1 exit status
CMakeFiles/cmTC_2893d.dir/build.make:97: recipe for target 'cmTC_2893d' failed
make[1]: *** [cmTC_2893d] Error 1
make[1]: Leaving directory '/home/altex/onnx-tutorials/CppInference/build-classifier-Desktop-Default/CMakeFiles/CMakeTmp'
Makefile:126: recipe for target 'cmTC_2893d/fast' failed
make: *** [cmTC_2893d/fast] Error 2


