Performing C SOURCE FILE Test CMAKE_HAVE_LIBC_PTHREAD failed with the following output:
Change Dir: /home/altex/onnx-tutorials/CppInference/build-tensorflow-detector-Desktop-Debug/CMakeFiles/CMakeTmp

Run Build Command(s):/usr/bin/make -f Makefile cmTC_02d3d/fast && /usr/bin/make  -f CMakeFiles/cmTC_02d3d.dir/build.make CMakeFiles/cmTC_02d3d.dir/build
make[1]: Entering directory '/home/altex/onnx-tutorials/CppInference/build-tensorflow-detector-Desktop-Debug/CMakeFiles/CMakeTmp'
Building C object CMakeFiles/cmTC_02d3d.dir/src.c.o
/usr/bin/gcc -DCMAKE_HAVE_LIBC_PTHREAD  -fPIC  -o CMakeFiles/cmTC_02d3d.dir/src.c.o -c /home/altex/onnx-tutorials/CppInference/build-tensorflow-detector-Desktop-Debug/CMakeFiles/CMakeTmp/src.c
Linking C executable cmTC_02d3d
/snap/cmake/870/bin/cmake -E cmake_link_script CMakeFiles/cmTC_02d3d.dir/link.txt --verbose=1
/usr/bin/gcc -fPIC  CMakeFiles/cmTC_02d3d.dir/src.c.o -o cmTC_02d3d 
CMakeFiles/cmTC_02d3d.dir/src.c.o: In function `main':
src.c:(.text+0x3e): undefined reference to `pthread_create'
src.c:(.text+0x4a): undefined reference to `pthread_detach'
src.c:(.text+0x56): undefined reference to `pthread_cancel'
src.c:(.text+0x67): undefined reference to `pthread_join'
src.c:(.text+0x7b): undefined reference to `pthread_atfork'
collect2: error: ld returned 1 exit status
CMakeFiles/cmTC_02d3d.dir/build.make:98: recipe for target 'cmTC_02d3d' failed
make[1]: *** [cmTC_02d3d] Error 1
make[1]: Leaving directory '/home/altex/onnx-tutorials/CppInference/build-tensorflow-detector-Desktop-Debug/CMakeFiles/CMakeTmp'
Makefile:127: recipe for target 'cmTC_02d3d/fast' failed
make: *** [cmTC_02d3d/fast] Error 2


Source file was:
#include <pthread.h>

static void* test_func(void* data)
{
  return data;
}

int main(void)
{
  pthread_t thread;
  pthread_create(&thread, NULL, test_func, NULL);
  pthread_detach(thread);
  pthread_cancel(thread);
  pthread_join(thread, NULL);
  pthread_atfork(NULL, NULL, NULL);
  pthread_exit(NULL);

  return 0;
}

Determining if the function pthread_create exists in the pthreads failed with the following output:
Change Dir: /home/altex/onnx-tutorials/CppInference/build-tensorflow-detector-Desktop-Debug/CMakeFiles/CMakeTmp

Run Build Command(s):/usr/bin/make -f Makefile cmTC_23c0d/fast && /usr/bin/make  -f CMakeFiles/cmTC_23c0d.dir/build.make CMakeFiles/cmTC_23c0d.dir/build
make[1]: Entering directory '/home/altex/onnx-tutorials/CppInference/build-tensorflow-detector-Desktop-Debug/CMakeFiles/CMakeTmp'
Building C object CMakeFiles/cmTC_23c0d.dir/CheckFunctionExists.c.o
/usr/bin/gcc   -fPIC -DCHECK_FUNCTION_EXISTS=pthread_create -o CMakeFiles/cmTC_23c0d.dir/CheckFunctionExists.c.o -c /snap/cmake/870/share/cmake-3.20/Modules/CheckFunctionExists.c
Linking C executable cmTC_23c0d
/snap/cmake/870/bin/cmake -E cmake_link_script CMakeFiles/cmTC_23c0d.dir/link.txt --verbose=1
/usr/bin/gcc -fPIC -DCHECK_FUNCTION_EXISTS=pthread_create CMakeFiles/cmTC_23c0d.dir/CheckFunctionExists.c.o -o cmTC_23c0d  -lpthreads 
/usr/bin/ld: cannot find -lpthreads
collect2: error: ld returned 1 exit status
CMakeFiles/cmTC_23c0d.dir/build.make:98: recipe for target 'cmTC_23c0d' failed
make[1]: *** [cmTC_23c0d] Error 1
make[1]: Leaving directory '/home/altex/onnx-tutorials/CppInference/build-tensorflow-detector-Desktop-Debug/CMakeFiles/CMakeTmp'
Makefile:127: recipe for target 'cmTC_23c0d/fast' failed
make: *** [cmTC_23c0d/fast] Error 2



