Determining if the pthread_create exist failed with the following output:
Change Dir: /home/altex/onnx-tutorials/CppInference/build-YoloV5-exploring-Desktop-Default/CMakeFiles/CMakeTmp

Run Build Command:"/usr/bin/make" "cmTC_ef59c/fast"
/usr/bin/make -f CMakeFiles/cmTC_ef59c.dir/build.make CMakeFiles/cmTC_ef59c.dir/build
make[1]: Entering directory '/home/altex/onnx-tutorials/CppInference/build-YoloV5-exploring-Desktop-Default/CMakeFiles/CMakeTmp'
Building C object CMakeFiles/cmTC_ef59c.dir/CheckSymbolExists.c.o
/usr/bin/gcc   -fPIC    -o CMakeFiles/cmTC_ef59c.dir/CheckSymbolExists.c.o   -c /home/altex/onnx-tutorials/CppInference/build-YoloV5-exploring-Desktop-Default/CMakeFiles/CMakeTmp/CheckSymbolExists.c
Linking C executable cmTC_ef59c
/usr/bin/cmake -E cmake_link_script CMakeFiles/cmTC_ef59c.dir/link.txt --verbose=1
/usr/bin/gcc -fPIC     -rdynamic CMakeFiles/cmTC_ef59c.dir/CheckSymbolExists.c.o  -o cmTC_ef59c 
CMakeFiles/cmTC_ef59c.dir/CheckSymbolExists.c.o: In function `main':
CheckSymbolExists.c:(.text+0x1b): undefined reference to `pthread_create'
collect2: error: ld returned 1 exit status
CMakeFiles/cmTC_ef59c.dir/build.make:97: recipe for target 'cmTC_ef59c' failed
make[1]: *** [cmTC_ef59c] Error 1
make[1]: Leaving directory '/home/altex/onnx-tutorials/CppInference/build-YoloV5-exploring-Desktop-Default/CMakeFiles/CMakeTmp'
Makefile:126: recipe for target 'cmTC_ef59c/fast' failed
make: *** [cmTC_ef59c/fast] Error 2

File /home/altex/onnx-tutorials/CppInference/build-YoloV5-exploring-Desktop-Default/CMakeFiles/CMakeTmp/CheckSymbolExists.c:
/* */
#include <pthread.h>

int main(int argc, char** argv)
{
  (void)argv;
#ifndef pthread_create
  return ((int*)(&pthread_create))[argc];
#else
  (void)argc;
  return 0;
#endif
}

Determining if the function pthread_create exists in the pthreads failed with the following output:
Change Dir: /home/altex/onnx-tutorials/CppInference/build-YoloV5-exploring-Desktop-Default/CMakeFiles/CMakeTmp

Run Build Command:"/usr/bin/make" "cmTC_4bf77/fast"
/usr/bin/make -f CMakeFiles/cmTC_4bf77.dir/build.make CMakeFiles/cmTC_4bf77.dir/build
make[1]: Entering directory '/home/altex/onnx-tutorials/CppInference/build-YoloV5-exploring-Desktop-Default/CMakeFiles/CMakeTmp'
Building C object CMakeFiles/cmTC_4bf77.dir/CheckFunctionExists.c.o
/usr/bin/gcc   -fPIC -DCHECK_FUNCTION_EXISTS=pthread_create   -o CMakeFiles/cmTC_4bf77.dir/CheckFunctionExists.c.o   -c /usr/share/cmake-3.10/Modules/CheckFunctionExists.c
Linking C executable cmTC_4bf77
/usr/bin/cmake -E cmake_link_script CMakeFiles/cmTC_4bf77.dir/link.txt --verbose=1
/usr/bin/gcc -fPIC -DCHECK_FUNCTION_EXISTS=pthread_create    -rdynamic CMakeFiles/cmTC_4bf77.dir/CheckFunctionExists.c.o  -o cmTC_4bf77 -lpthreads 
/usr/bin/ld: cannot find -lpthreads
collect2: error: ld returned 1 exit status
CMakeFiles/cmTC_4bf77.dir/build.make:97: recipe for target 'cmTC_4bf77' failed
make[1]: *** [cmTC_4bf77] Error 1
make[1]: Leaving directory '/home/altex/onnx-tutorials/CppInference/build-YoloV5-exploring-Desktop-Default/CMakeFiles/CMakeTmp'
Makefile:126: recipe for target 'cmTC_4bf77/fast' failed
make: *** [cmTC_4bf77/fast] Error 2


Performing C SOURCE FILE Test CMAKE_HAVE_LIBC_PTHREAD failed with the following output:
Change Dir: /home/altex/onnx-tutorials/CppInference/build-YoloV5-exploring-Desktop-Default/CMakeFiles/CMakeTmp

Run Build Command(s):/usr/bin/make -f Makefile cmTC_0604a/fast && /usr/bin/make  -f CMakeFiles/cmTC_0604a.dir/build.make CMakeFiles/cmTC_0604a.dir/build
make[1]: Entering directory '/home/altex/onnx-tutorials/CppInference/build-YoloV5-exploring-Desktop-Default/CMakeFiles/CMakeTmp'
Building C object CMakeFiles/cmTC_0604a.dir/src.c.o
/usr/bin/cc -DCMAKE_HAVE_LIBC_PTHREAD  -fPIC  -o CMakeFiles/cmTC_0604a.dir/src.c.o -c /home/altex/onnx-tutorials/CppInference/build-YoloV5-exploring-Desktop-Default/CMakeFiles/CMakeTmp/src.c
Linking C executable cmTC_0604a
/snap/cmake/876/bin/cmake -E cmake_link_script CMakeFiles/cmTC_0604a.dir/link.txt --verbose=1
/usr/bin/cc -fPIC  -rdynamic CMakeFiles/cmTC_0604a.dir/src.c.o -o cmTC_0604a 
CMakeFiles/cmTC_0604a.dir/src.c.o: In function `main':
src.c:(.text+0x3e): undefined reference to `pthread_create'
src.c:(.text+0x4a): undefined reference to `pthread_detach'
src.c:(.text+0x56): undefined reference to `pthread_cancel'
src.c:(.text+0x67): undefined reference to `pthread_join'
src.c:(.text+0x7b): undefined reference to `pthread_atfork'
collect2: error: ld returned 1 exit status
CMakeFiles/cmTC_0604a.dir/build.make:98: recipe for target 'cmTC_0604a' failed
make[1]: *** [cmTC_0604a] Error 1
make[1]: Leaving directory '/home/altex/onnx-tutorials/CppInference/build-YoloV5-exploring-Desktop-Default/CMakeFiles/CMakeTmp'
Makefile:127: recipe for target 'cmTC_0604a/fast' failed
make: *** [cmTC_0604a/fast] Error 2


Source file was:
#include <pthread.h>

static void* test_func(void* data)
{
  return data;
}

int main(void)
{
  pthread_t thread;
  pthread_create(&thread, NULL, test_func, NULL);
  pthread_detach(thread);
  pthread_cancel(thread);
  pthread_join(thread, NULL);
  pthread_atfork(NULL, NULL, NULL);
  pthread_exit(NULL);

  return 0;
}

Determining if the function pthread_create exists in the pthreads failed with the following output:
Change Dir: /home/altex/onnx-tutorials/CppInference/build-YoloV5-exploring-Desktop-Default/CMakeFiles/CMakeTmp

Run Build Command(s):/usr/bin/make -f Makefile cmTC_bf310/fast && /usr/bin/make  -f CMakeFiles/cmTC_bf310.dir/build.make CMakeFiles/cmTC_bf310.dir/build
make[1]: Entering directory '/home/altex/onnx-tutorials/CppInference/build-YoloV5-exploring-Desktop-Default/CMakeFiles/CMakeTmp'
Building C object CMakeFiles/cmTC_bf310.dir/CheckFunctionExists.c.o
/usr/bin/cc   -fPIC -DCHECK_FUNCTION_EXISTS=pthread_create -o CMakeFiles/cmTC_bf310.dir/CheckFunctionExists.c.o -c /snap/cmake/876/share/cmake-3.20/Modules/CheckFunctionExists.c
Linking C executable cmTC_bf310
/snap/cmake/876/bin/cmake -E cmake_link_script CMakeFiles/cmTC_bf310.dir/link.txt --verbose=1
/usr/bin/cc -fPIC -DCHECK_FUNCTION_EXISTS=pthread_create -rdynamic CMakeFiles/cmTC_bf310.dir/CheckFunctionExists.c.o -o cmTC_bf310  -lpthreads 
/usr/bin/ld: cannot find -lpthreads
collect2: error: ld returned 1 exit status
CMakeFiles/cmTC_bf310.dir/build.make:98: recipe for target 'cmTC_bf310' failed
make[1]: *** [cmTC_bf310] Error 1
make[1]: Leaving directory '/home/altex/onnx-tutorials/CppInference/build-YoloV5-exploring-Desktop-Default/CMakeFiles/CMakeTmp'
Makefile:127: recipe for target 'cmTC_bf310/fast' failed
make: *** [cmTC_bf310/fast] Error 2



Performing C SOURCE FILE Test CMAKE_HAVE_LIBC_PTHREAD failed with the following output:
Change Dir: /home/altex/onnx-tutorials/CppInference/build-YoloV5-exploring-Desktop-Default/CMakeFiles/CMakeTmp

Run Build Command(s):/usr/bin/make -f Makefile cmTC_b8e1b/fast && /usr/bin/make  -f CMakeFiles/cmTC_b8e1b.dir/build.make CMakeFiles/cmTC_b8e1b.dir/build
make[1]: Entering directory '/home/altex/onnx-tutorials/CppInference/build-YoloV5-exploring-Desktop-Default/CMakeFiles/CMakeTmp'
Building C object CMakeFiles/cmTC_b8e1b.dir/src.c.o
/usr/bin/gcc -DCMAKE_HAVE_LIBC_PTHREAD  -fPIC  -o CMakeFiles/cmTC_b8e1b.dir/src.c.o -c /home/altex/onnx-tutorials/CppInference/build-YoloV5-exploring-Desktop-Default/CMakeFiles/CMakeTmp/src.c
Linking C executable cmTC_b8e1b
/snap/cmake/876/bin/cmake -E cmake_link_script CMakeFiles/cmTC_b8e1b.dir/link.txt --verbose=1
/usr/bin/gcc -fPIC  -rdynamic CMakeFiles/cmTC_b8e1b.dir/src.c.o -o cmTC_b8e1b 
CMakeFiles/cmTC_b8e1b.dir/src.c.o: In function `main':
src.c:(.text+0x3e): undefined reference to `pthread_create'
src.c:(.text+0x4a): undefined reference to `pthread_detach'
src.c:(.text+0x56): undefined reference to `pthread_cancel'
src.c:(.text+0x67): undefined reference to `pthread_join'
src.c:(.text+0x7b): undefined reference to `pthread_atfork'
collect2: error: ld returned 1 exit status
CMakeFiles/cmTC_b8e1b.dir/build.make:98: recipe for target 'cmTC_b8e1b' failed
make[1]: *** [cmTC_b8e1b] Error 1
make[1]: Leaving directory '/home/altex/onnx-tutorials/CppInference/build-YoloV5-exploring-Desktop-Default/CMakeFiles/CMakeTmp'
Makefile:127: recipe for target 'cmTC_b8e1b/fast' failed
make: *** [cmTC_b8e1b/fast] Error 2


Source file was:
#include <pthread.h>

static void* test_func(void* data)
{
  return data;
}

int main(void)
{
  pthread_t thread;
  pthread_create(&thread, NULL, test_func, NULL);
  pthread_detach(thread);
  pthread_cancel(thread);
  pthread_join(thread, NULL);
  pthread_atfork(NULL, NULL, NULL);
  pthread_exit(NULL);

  return 0;
}

Determining if the function pthread_create exists in the pthreads failed with the following output:
Change Dir: /home/altex/onnx-tutorials/CppInference/build-YoloV5-exploring-Desktop-Default/CMakeFiles/CMakeTmp

Run Build Command(s):/usr/bin/make -f Makefile cmTC_d2408/fast && /usr/bin/make  -f CMakeFiles/cmTC_d2408.dir/build.make CMakeFiles/cmTC_d2408.dir/build
make[1]: Entering directory '/home/altex/onnx-tutorials/CppInference/build-YoloV5-exploring-Desktop-Default/CMakeFiles/CMakeTmp'
Building C object CMakeFiles/cmTC_d2408.dir/CheckFunctionExists.c.o
/usr/bin/gcc   -fPIC -DCHECK_FUNCTION_EXISTS=pthread_create -o CMakeFiles/cmTC_d2408.dir/CheckFunctionExists.c.o -c /snap/cmake/876/share/cmake-3.20/Modules/CheckFunctionExists.c
Linking C executable cmTC_d2408
/snap/cmake/876/bin/cmake -E cmake_link_script CMakeFiles/cmTC_d2408.dir/link.txt --verbose=1
/usr/bin/gcc -fPIC -DCHECK_FUNCTION_EXISTS=pthread_create -rdynamic CMakeFiles/cmTC_d2408.dir/CheckFunctionExists.c.o -o cmTC_d2408  -lpthreads 
/usr/bin/ld: cannot find -lpthreads
collect2: error: ld returned 1 exit status
CMakeFiles/cmTC_d2408.dir/build.make:98: recipe for target 'cmTC_d2408' failed
make[1]: *** [cmTC_d2408] Error 1
make[1]: Leaving directory '/home/altex/onnx-tutorials/CppInference/build-YoloV5-exploring-Desktop-Default/CMakeFiles/CMakeTmp'
Makefile:127: recipe for target 'cmTC_d2408/fast' failed
make: *** [cmTC_d2408/fast] Error 2



