Performing C SOURCE FILE Test CMAKE_HAVE_LIBC_PTHREAD failed with the following output:
Change Dir: /home/altex/onnx-tutorials/CppInference/build/CMakeFiles/CMakeTmp

Run Build Command(s):/usr/bin/make -f Makefile cmTC_b5d58/fast && /usr/bin/make  -f CMakeFiles/cmTC_b5d58.dir/build.make CMakeFiles/cmTC_b5d58.dir/build
make[1]: Entering directory '/home/altex/onnx-tutorials/CppInference/build/CMakeFiles/CMakeTmp'
Building C object CMakeFiles/cmTC_b5d58.dir/src.c.o
/usr/bin/cc -DCMAKE_HAVE_LIBC_PTHREAD  -fPIC  -o CMakeFiles/cmTC_b5d58.dir/src.c.o -c /home/altex/onnx-tutorials/CppInference/build/CMakeFiles/CMakeTmp/src.c
Linking C executable cmTC_b5d58
/snap/cmake/870/bin/cmake -E cmake_link_script CMakeFiles/cmTC_b5d58.dir/link.txt --verbose=1
/usr/bin/cc -fPIC  -rdynamic CMakeFiles/cmTC_b5d58.dir/src.c.o -o cmTC_b5d58 
CMakeFiles/cmTC_b5d58.dir/src.c.o: In function `main':
src.c:(.text+0x3e): undefined reference to `pthread_create'
src.c:(.text+0x4a): undefined reference to `pthread_detach'
src.c:(.text+0x56): undefined reference to `pthread_cancel'
src.c:(.text+0x67): undefined reference to `pthread_join'
src.c:(.text+0x7b): undefined reference to `pthread_atfork'
collect2: error: ld returned 1 exit status
CMakeFiles/cmTC_b5d58.dir/build.make:98: recipe for target 'cmTC_b5d58' failed
make[1]: *** [cmTC_b5d58] Error 1
make[1]: Leaving directory '/home/altex/onnx-tutorials/CppInference/build/CMakeFiles/CMakeTmp'
Makefile:127: recipe for target 'cmTC_b5d58/fast' failed
make: *** [cmTC_b5d58/fast] Error 2


Source file was:
#include <pthread.h>

static void* test_func(void* data)
{
  return data;
}

int main(void)
{
  pthread_t thread;
  pthread_create(&thread, NULL, test_func, NULL);
  pthread_detach(thread);
  pthread_cancel(thread);
  pthread_join(thread, NULL);
  pthread_atfork(NULL, NULL, NULL);
  pthread_exit(NULL);

  return 0;
}

Determining if the function pthread_create exists in the pthreads failed with the following output:
Change Dir: /home/altex/onnx-tutorials/CppInference/build/CMakeFiles/CMakeTmp

Run Build Command(s):/usr/bin/make -f Makefile cmTC_10d6d/fast && /usr/bin/make  -f CMakeFiles/cmTC_10d6d.dir/build.make CMakeFiles/cmTC_10d6d.dir/build
make[1]: Entering directory '/home/altex/onnx-tutorials/CppInference/build/CMakeFiles/CMakeTmp'
Building C object CMakeFiles/cmTC_10d6d.dir/CheckFunctionExists.c.o
/usr/bin/cc   -fPIC -DCHECK_FUNCTION_EXISTS=pthread_create -o CMakeFiles/cmTC_10d6d.dir/CheckFunctionExists.c.o -c /snap/cmake/870/share/cmake-3.20/Modules/CheckFunctionExists.c
Linking C executable cmTC_10d6d
/snap/cmake/870/bin/cmake -E cmake_link_script CMakeFiles/cmTC_10d6d.dir/link.txt --verbose=1
/usr/bin/cc -fPIC -DCHECK_FUNCTION_EXISTS=pthread_create -rdynamic CMakeFiles/cmTC_10d6d.dir/CheckFunctionExists.c.o -o cmTC_10d6d  -lpthreads 
/usr/bin/ld: cannot find -lpthreads
collect2: error: ld returned 1 exit status
CMakeFiles/cmTC_10d6d.dir/build.make:98: recipe for target 'cmTC_10d6d' failed
make[1]: *** [cmTC_10d6d] Error 1
make[1]: Leaving directory '/home/altex/onnx-tutorials/CppInference/build/CMakeFiles/CMakeTmp'
Makefile:127: recipe for target 'cmTC_10d6d/fast' failed
make: *** [cmTC_10d6d/fast] Error 2



