Performing C SOURCE FILE Test CMAKE_HAVE_LIBC_PTHREAD failed with the following output:
Change Dir: /home/altex/onnx-tutorials/CppInference/build-YOLOv5-complete-Desktop-Debug/CMakeFiles/CMakeTmp

Run Build Command(s):/usr/bin/make -f Makefile cmTC_13a75/fast && /usr/bin/make  -f CMakeFiles/cmTC_13a75.dir/build.make CMakeFiles/cmTC_13a75.dir/build
make[1]: Entering directory '/home/altex/onnx-tutorials/CppInference/build-YOLOv5-complete-Desktop-Debug/CMakeFiles/CMakeTmp'
Building C object CMakeFiles/cmTC_13a75.dir/src.c.o
/usr/bin/gcc -DCMAKE_HAVE_LIBC_PTHREAD  -fPIC  -o CMakeFiles/cmTC_13a75.dir/src.c.o -c /home/altex/onnx-tutorials/CppInference/build-YOLOv5-complete-Desktop-Debug/CMakeFiles/CMakeTmp/src.c
Linking C executable cmTC_13a75
/snap/cmake/936/bin/cmake -E cmake_link_script CMakeFiles/cmTC_13a75.dir/link.txt --verbose=1
/usr/bin/gcc -fPIC  -rdynamic CMakeFiles/cmTC_13a75.dir/src.c.o -o cmTC_13a75 
CMakeFiles/cmTC_13a75.dir/src.c.o: In function `main':
src.c:(.text+0x3e): undefined reference to `pthread_create'
src.c:(.text+0x4a): undefined reference to `pthread_detach'
src.c:(.text+0x56): undefined reference to `pthread_cancel'
src.c:(.text+0x67): undefined reference to `pthread_join'
src.c:(.text+0x7b): undefined reference to `pthread_atfork'
collect2: error: ld returned 1 exit status
CMakeFiles/cmTC_13a75.dir/build.make:98: recipe for target 'cmTC_13a75' failed
make[1]: *** [cmTC_13a75] Error 1
make[1]: Leaving directory '/home/altex/onnx-tutorials/CppInference/build-YOLOv5-complete-Desktop-Debug/CMakeFiles/CMakeTmp'
Makefile:127: recipe for target 'cmTC_13a75/fast' failed
make: *** [cmTC_13a75/fast] Error 2


Source file was:
#include <pthread.h>

static void* test_func(void* data)
{
  return data;
}

int main(void)
{
  pthread_t thread;
  pthread_create(&thread, NULL, test_func, NULL);
  pthread_detach(thread);
  pthread_cancel(thread);
  pthread_join(thread, NULL);
  pthread_atfork(NULL, NULL, NULL);
  pthread_exit(NULL);

  return 0;
}

Determining if the function pthread_create exists in the pthreads failed with the following output:
Change Dir: /home/altex/onnx-tutorials/CppInference/build-YOLOv5-complete-Desktop-Debug/CMakeFiles/CMakeTmp

Run Build Command(s):/usr/bin/make -f Makefile cmTC_bef40/fast && /usr/bin/make  -f CMakeFiles/cmTC_bef40.dir/build.make CMakeFiles/cmTC_bef40.dir/build
make[1]: Entering directory '/home/altex/onnx-tutorials/CppInference/build-YOLOv5-complete-Desktop-Debug/CMakeFiles/CMakeTmp'
Building C object CMakeFiles/cmTC_bef40.dir/CheckFunctionExists.c.o
/usr/bin/gcc   -fPIC -DCHECK_FUNCTION_EXISTS=pthread_create -o CMakeFiles/cmTC_bef40.dir/CheckFunctionExists.c.o -c /snap/cmake/936/share/cmake-3.21/Modules/CheckFunctionExists.c
Linking C executable cmTC_bef40
/snap/cmake/936/bin/cmake -E cmake_link_script CMakeFiles/cmTC_bef40.dir/link.txt --verbose=1
/usr/bin/gcc -fPIC -DCHECK_FUNCTION_EXISTS=pthread_create -rdynamic CMakeFiles/cmTC_bef40.dir/CheckFunctionExists.c.o -o cmTC_bef40  -lpthreads 
/usr/bin/ld: cannot find -lpthreads
collect2: error: ld returned 1 exit status
CMakeFiles/cmTC_bef40.dir/build.make:98: recipe for target 'cmTC_bef40' failed
make[1]: *** [cmTC_bef40] Error 1
make[1]: Leaving directory '/home/altex/onnx-tutorials/CppInference/build-YOLOv5-complete-Desktop-Debug/CMakeFiles/CMakeTmp'
Makefile:127: recipe for target 'cmTC_bef40/fast' failed
make: *** [cmTC_bef40/fast] Error 2



